<?xml version="1.0" encoding="UTF-8"?>
<testsuite name="bootcamp.controller.BookServiceTest" tests="1" skipped="0" failures="0" errors="0" timestamp="2023-11-23T12:24:41" hostname="0323LTPB0095880" time="0.564">
  <properties/>
  <testcase name="shouldGetAllBooksFromRepository()" classname="bootcamp.controller.BookServiceTest" time="0.564"/>
  <system-out><![CDATA[]]></system-out>
  <system-err><![CDATA[]]></system-err>
</testsuite>
