<?xml version="1.0" encoding="UTF-8"?>
<testsuite name="bootcamp.controller.BookControllerTest" tests="2" skipped="0" failures="0" errors="0" timestamp="2023-11-24T07:36:41" hostname="0323LTPB0095880" time="0.082">
  <properties/>
  <testcase name="getAllBooks()" classname="bootcamp.controller.BookControllerTest" time="0.075"/>
  <testcase name="shouldReturnBook()" classname="bootcamp.controller.BookControllerTest" time="0.006"/>
  <system-out><![CDATA[13:06:40.105 [Test worker] INFO org.springframework.test.context.support.AnnotationConfigContextLoaderUtils -- Could not detect default configuration classes for test class [bootcamp.controller.BookControllerTest]: BookControllerTest does not declare any static, non-private, non-final, nested classes annotated with @Configuration.
13:06:40.160 [Test worker] INFO org.springframework.boot.test.context.SpringBootTestContextBootstrapper -- Found @SpringBootConfiguration bootcamp.controller.BookShopApplication for test class bootcamp.controller.BookControllerTest

  .   ____          _            __ _ _
 /\\ / ___'_ __ _ _(_)_ __  __ _ \ \ \ \
( ( )\___ | '_ | '_| | '_ \/ _` | \ \ \ \
 \\/  ___)| |_)| | | | | || (_| |  ) ) ) )
  '  |____| .__|_| |_|_| |_\__, | / / / /
 =========|_|==============|___/=/_/_/_/
 :: Spring Boot ::                (v3.1.5)

2023-11-24T13:06:40.328+05:30  INFO 46642 --- [    Test worker] bootcamp.controller.BookControllerTest   : Starting BookControllerTest using Java 17.0.9 with PID 46642 (started by gourav.sharma6 in /Users/gourav.sharma6/Documents/DevelopersBootCamp/bootCampbooks)
2023-11-24T13:06:40.329+05:30  INFO 46642 --- [    Test worker] bootcamp.controller.BookControllerTest   : No active profile set, falling back to 1 default profile: "default"
2023-11-24T13:06:41.202+05:30  INFO 46642 --- [    Test worker] o.s.b.t.m.w.SpringBootMockServletContext : Initializing Spring TestDispatcherServlet ''
2023-11-24T13:06:41.203+05:30  INFO 46642 --- [    Test worker] o.s.t.web.servlet.TestDispatcherServlet  : Initializing Servlet ''
2023-11-24T13:06:41.204+05:30  INFO 46642 --- [    Test worker] o.s.t.web.servlet.TestDispatcherServlet  : Completed initialization in 1 ms
2023-11-24T13:06:41.220+05:30  INFO 46642 --- [    Test worker] bootcamp.controller.BookControllerTest   : Started BookControllerTest in 1.025 seconds (process running for 1.504)
]]></system-out>
  <system-err><![CDATA[]]></system-err>
</testsuite>
