<?xml version="1.0" encoding="UTF-8"?>
<testsuite name="bootcamp.controller.BookControllerTest" tests="2" skipped="0" failures="0" errors="0" timestamp="2023-11-23T12:28:44" hostname="0323LTPB0095880" time="0.103">
  <properties/>
  <testcase name="getAllBooks()" classname="bootcamp.controller.BookControllerTest" time="0.095"/>
  <testcase name="shouldReturnBook()" classname="bootcamp.controller.BookControllerTest" time="0.007"/>
  <system-out><![CDATA[17:58:42.854 [Test worker] INFO org.springframework.test.context.support.AnnotationConfigContextLoaderUtils -- Could not detect default configuration classes for test class [bootcamp.controller.BookControllerTest]: BookControllerTest does not declare any static, non-private, non-final, nested classes annotated with @Configuration.
17:58:42.920 [Test worker] INFO org.springframework.boot.test.context.SpringBootTestContextBootstrapper -- Found @SpringBootConfiguration bootcamp.controller.BookShopApplication for test class bootcamp.controller.BookControllerTest

  .   ____          _            __ _ _
 /\\ / ___'_ __ _ _(_)_ __  __ _ \ \ \ \
( ( )\___ | '_ | '_| | '_ \/ _` | \ \ \ \
 \\/  ___)| |_)| | | | | || (_| |  ) ) ) )
  '  |____| .__|_| |_|_| |_\__, | / / / /
 =========|_|==============|___/=/_/_/_/
 :: Spring Boot ::                (v3.1.5)

2023-11-23T17:58:43.081+05:30  INFO 36824 --- [    Test worker] bootcamp.controller.BookControllerTest   : Starting BookControllerTest using Java 17.0.9 with PID 36824 (started by gourav.sharma6 in /Users/gourav.sharma6/Documents/DevelopersBootCamp/bootCampbooks)
2023-11-23T17:58:43.082+05:30  INFO 36824 --- [    Test worker] bootcamp.controller.BookControllerTest   : No active profile set, falling back to 1 default profile: "default"
2023-11-23T17:58:43.992+05:30  INFO 36824 --- [    Test worker] o.s.b.t.m.w.SpringBootMockServletContext : Initializing Spring TestDispatcherServlet ''
2023-11-23T17:58:43.993+05:30  INFO 36824 --- [    Test worker] o.s.t.web.servlet.TestDispatcherServlet  : Initializing Servlet ''
2023-11-23T17:58:43.994+05:30  INFO 36824 --- [    Test worker] o.s.t.web.servlet.TestDispatcherServlet  : Completed initialization in 0 ms
2023-11-23T17:58:44.013+05:30  INFO 36824 --- [    Test worker] bootcamp.controller.BookControllerTest   : Started BookControllerTest in 1.058 seconds (process running for 1.569)
]]></system-out>
  <system-err><![CDATA[]]></system-err>
</testsuite>
